# JRE version: OpenJDK Runtime Environment (20.0.1+9) (build 20.0.1+9-29)
# Java VM: OpenJDK 64-Bit Server VM (20.0.1+9-29, mixed mode, sharing, tiered, compressed oops, compressed class ptrs, g1 gc, windows-amd64)
GC Precious Log:
 CardTable entry size: 512
 Card Set container configuration: InlinePtr #cards 5 size 8 Array Of Cards #cards 12 size 40 Howl #buckets 4 coarsen threshold 1843 Howl Bitmap #cards 512 size 80 coarsen threshold 460 Card regions per heap region 1 cards per card region 2048
 CPUs: 8 total, 8 available
 Memory: 7997M
 Large Page Support: Disabled
 NUMA Support: Disabled
 Compressed Oops: Enabled (32-bit)
 Heap Region Size: 1M
 Heap Min Capacity: 256M
 Heap Initial Capacity: 256M
 Heap Max Capacity: 512M
 Pre-touch: Disabled
 Parallel Workers: 8
 Concurrent Workers: 2
 Concurrent Refinement Workers: 8
 Periodic GC: Disabled
Heap:
 garbage-first heap   total 272384K, used 100878K [0x00000000e0000000, 0x0000000100000000)
  region size 1024K, 11 young (11264K), 5 survivors (5120K)
 Metaspace       used 79379K, committed 82752K, reserved 446464K
  class space    used 9867K, committed 11840K, reserved 315392K
GC Heap History (20 events):
Event: 3025.572 GC heap before
{Heap before GC invocations=105 (full 0):
 garbage-first heap   total 272384K, used 232300K [0x00000000e0000000, 0x0000000100000000)
  region size 1024K, 138 young (141312K), 17 survivors (17408K)
 Metaspace       used 79254K, committed 82752K, reserved 446464K
  class space    used 9866K, committed 11840K, reserved 315392K
}
Event: 3025.580 GC heap after
{Heap after GC invocations=106 (full 0):
 garbage-first heap   total 272384K, used 112727K [0x00000000e0000000, 0x0000000100000000)
  region size 1024K, 9 young (9216K), 9 survivors (9216K)
 Metaspace       used 79254K, committed 82752K, reserved 446464K
  class space    used 9866K, committed 11840K, reserved 315392K
}
Event: 3026.234 GC heap before
{Heap before GC invocations=107 (full 0):
 garbage-first heap   total 272384K, used 228439K [0x00000000e0000000, 0x0000000100000000)
  region size 1024K, 129 young (132096K), 9 survivors (9216K)
 Metaspace       used 78569K, committed 82752K, reserved 446464K
  class space    used 9784K, committed 11840K, reserved 315392K
}
Event: 3026.243 GC heap after
{Heap after GC invocations=108 (full 0):
 garbage-first heap   total 272384K, used 118479K [0x00000000e0000000, 0x0000000100000000)
  region size 1024K, 17 young (17408K), 17 survivors (17408K)
 Metaspace       used 78569K, committed 82752K, reserved 446464K
  class space    used 9784K, committed 11840K, reserved 315392K
}
Event: 3212.740 GC heap before
{Heap before GC invocations=108 (full 0):
 garbage-first heap   total 272384K, used 232143K [0x00000000e0000000, 0x0000000100000000)
  region size 1024K, 129 young (132096K), 17 survivors (17408K)
 Metaspace       used 79293K, committed 82752K, reserved 446464K
  class space    used 9866K, committed 11840K, reserved 315392K
}
Event: 3212.753 GC heap after
{Heap after GC invocations=109 (full 0):
 garbage-first heap   total 272384K, used 117242K [0x00000000e0000000, 0x0000000100000000)
  region size 1024K, 11 young (11264K), 11 survivors (11264K)
 Metaspace       used 79293K, committed 82752K, reserved 446464K
  class space    used 9866K, committed 11840K, reserved 315392K
}
Event: 3212.932 GC heap before
{Heap before GC invocations=109 (full 0):
 garbage-first heap   total 272384K, used 164346K [0x00000000e0000000, 0x0000000100000000)
  region size 1024K, 59 young (60416K), 11 survivors (11264K)
 Metaspace       used 79295K, committed 82752K, reserved 446464K
  class space    used 9866K, committed 11840K, reserved 315392K
}
Event: 3212.939 GC heap after
{Heap after GC invocations=110 (full 0):
 garbage-first heap   total 272384K, used 119198K [0x00000000e0000000, 0x0000000100000000)
  region size 1024K, 5 young (5120K), 5 survivors (5120K)
 Metaspace       used 79295K, committed 82752K, reserved 446464K
  class space    used 9866K, committed 11840K, reserved 315392K
}
Event: 3365.384 GC heap before
{Heap before GC invocations=111 (full 0):
 garbage-first heap   total 272384K, used 227742K [0x00000000e0000000, 0x0000000100000000)
  region size 1024K, 119 young (121856K), 5 survivors (5120K)
 Metaspace       used 77720K, committed 82752K, reserved 446464K
  class space    used 9678K, committed 11840K, reserved 315392K
}
Event: 3365.389 GC heap after
{Heap after GC invocations=112 (full 0):
 garbage-first heap   total 272384K, used 115247K [0x00000000e0000000, 0x0000000100000000)
  region size 1024K, 9 young (9216K), 9 survivors (9216K)
 Metaspace       used 77720K, committed 82752K, reserved 446464K
  class space    used 9678K, committed 11840K, reserved 315392K
}
Event: 3365.921 GC heap before
{Heap before GC invocations=112 (full 0):
 garbage-first heap   total 272384K, used 239151K [0x00000000e0000000, 0x0000000100000000)
  region size 1024K, 129 young (132096K), 9 survivors (9216K)
 Metaspace       used 77821K, committed 82752K, reserved 446464K
  class space    used 9688K, committed 11840K, reserved 315392K
}
Event: 3365.930 GC heap after
{Heap after GC invocations=113 (full 0):
 garbage-first heap   total 272384K, used 107496K [0x00000000e0000000, 0x0000000100000000)
  region size 1024K, 17 young (17408K), 17 survivors (17408K)
 Metaspace       used 77821K, committed 82752K, reserved 446464K
  class space    used 9688K, committed 11840K, reserved 315392K
}
Event: 3377.611 GC heap before
{Heap before GC invocations=113 (full 0):
 garbage-first heap   total 272384K, used 234472K [0x00000000e0000000, 0x0000000100000000)
  region size 1024K, 142 young (145408K), 17 survivors (17408K)
 Metaspace       used 79352K, committed 82752K, reserved 446464K
  class space    used 9867K, committed 11840K, reserved 315392K
}
Event: 3377.616 GC heap after
{Heap after GC invocations=114 (full 0):
 garbage-first heap   total 272384K, used 104402K [0x00000000e0000000, 0x0000000100000000)
  region size 1024K, 10 young (10240K), 10 survivors (10240K)
 Metaspace       used 79352K, committed 82752K, reserved 446464K
  class space    used 9867K, committed 11840K, reserved 315392K
}
Event: 3378.330 GC heap before
{Heap before GC invocations=115 (full 0):
 garbage-first heap   total 272384K, used 227282K [0x00000000e0000000, 0x0000000100000000)
  region size 1024K, 139 young (142336K), 10 survivors (10240K)
 Metaspace       used 78736K, committed 82752K, reserved 446464K
  class space    used 9795K, committed 11840K, reserved 315392K
}
Event: 3378.340 GC heap after
{Heap after GC invocations=116 (full 0):
 garbage-first heap   total 272384K, used 105954K [0x00000000e0000000, 0x0000000100000000)
  region size 1024K, 18 young (18432K), 18 survivors (18432K)
 Metaspace       used 78736K, committed 82752K, reserved 446464K
  class space    used 9795K, committed 11840K, reserved 315392K
}
Event: 3872.855 GC heap before
{Heap before GC invocations=116 (full 0):
 garbage-first heap   total 272384K, used 230882K [0x00000000e0000000, 0x0000000100000000)
  region size 1024K, 141 young (144384K), 18 survivors (18432K)
 Metaspace       used 79375K, committed 82752K, reserved 446464K
  class space    used 9867K, committed 11840K, reserved 315392K
}
Event: 3872.985 GC heap after
{Heap after GC invocations=117 (full 0):
 garbage-first heap   total 272384K, used 96677K [0x00000000e0000000, 0x0000000100000000)
  region size 1024K, 12 young (12288K), 12 survivors (12288K)
 Metaspace       used 79375K, committed 82752K, reserved 446464K
  class space    used 9867K, committed 11840K, reserved 315392K
}
Event: 3873.391 GC heap before
{Heap before GC invocations=117 (full 0):
 garbage-first heap   total 272384K, used 139685K [0x00000000e0000000, 0x0000000100000000)
  region size 1024K, 55 young (56320K), 12 survivors (12288K)
 Metaspace       used 79379K, committed 82752K, reserved 446464K
  class space    used 9867K, committed 11840K, reserved 315392K
}
Event: 3873.412 GC heap after
{Heap after GC invocations=118 (full 0):
 garbage-first heap   total 272384K, used 95758K [0x00000000e0000000, 0x0000000100000000)
  region size 1024K, 5 young (5120K), 5 survivors (5120K)
 Metaspace       used 79379K, committed 82752K, reserved 446464K
  class space    used 9867K, committed 11840K, reserved 315392K
}

